<?xml version="1.0" encoding="UTF-8"?>
<!-- Generated by org.testng.reporters.JUnitXMLReporter -->
<testsuite ignored="0" hostname="DESKTOP-PEV64MN" failures="0" tests="3" name="Default test" time="45.214" errors="0" timestamp="12 Jul 2023 17:01:44 GMT">
  <testcase classname="TestCases.LoginTest" name="test1" time="11.092"/>
  <testcase classname="TestCases.LoginTest" name="test2" time="12.611"/>
  <testcase classname="TestCases.LoginTest" name="test4" time="11.627"/>
</testsuite> <!-- Default test -->
