<?xml version="1.0" encoding="UTF-8"?>
<!-- Generated by org.testng.reporters.JUnitXMLReporter -->
<testsuite ignored="2" hostname="DESKTOP-PEV64MN" failures="0" tests="3" name="Test" time="4.031" errors="0" timestamp="11 Jul 2023 14:14:56 GMT">
  <testcase classname="TestCases.BaseClass" name="@BeforeMethod SetUp" time="0.019">
    <failure type="java.lang.NullPointerException" message="Cannot invoke &amp;quot;com.relevantcodes.extentreports.ExtentReports.startTest(String)&amp;quot; because &amp;quot;this.report&amp;quot; is null">
      <![CDATA[java.lang.NullPointerException: Cannot invoke "com.relevantcodes.extentreports.ExtentReports.startTest(String)" because "this.report" is null
at TestCases.BaseClass.SetUp(BaseClass.java:34)
... Removed 28 stack frames]]>
    </failure>
  </testcase> <!-- @BeforeMethod SetUp -->
  <testcase classname="TestCases.BaseClass" name="@AfterMethod TearDown" time="0.0">
    <skipped/>
  </testcase> <!-- @AfterMethod TearDown -->
  <testcase classname="TestCases.BaseClass" name="@BeforeMethod SetUp" time="0.0">
    <skipped/>
  </testcase> <!-- @BeforeMethod SetUp -->
  <testcase classname="TestCases.BaseClass" name="@AfterMethod TearDown" time="0.0">
    <skipped/>
  </testcase> <!-- @AfterMethod TearDown -->
  <testcase classname="TestCases.HomePageTest" name="test3" time="0.005"/>
  <testcase classname="TestCases.LoginTest" name="test1" time="0.0">
    <skipped/>
  </testcase> <!-- test1 -->
  <testcase classname="TestCases.LoginTest" name="test2" time="0.0">
    <skipped/>
  </testcase> <!-- test2 -->
  <testcase classname="TestCases.BaseClass" name="@BeforeTest ReportSetup" time="0.0">
    <ignored/>
  </testcase> <!-- @BeforeTest ReportSetup -->
  <testcase classname="TestCases.BaseClass" name="@AfterTest ReportClean" time="0.0">
    <ignored/>
  </testcase> <!-- @AfterTest ReportClean -->
</testsuite> <!-- Test -->
