<?xml version="1.0" encoding="UTF-8"?>
<testng-results skipped="0" failed="0" ignored="0" total="3" passed="3">
  <reporter-output>
  </reporter-output>
  <suite name="Suite" duration-ms="51854" started-at="2023-07-25T16:55:38Z" finished-at="2023-07-25T16:56:29Z">
    <groups>
    </groups>
    <test name="Test" duration-ms="51854" started-at="2023-07-25T16:55:38Z" finished-at="2023-07-25T16:56:29Z">
      <class name="TestCases.LoginTest">
        <test-method status="PASS" signature="ReportSetup()[pri:0, instance:TestCases.LoginTest@4d339552]" name="ReportSetup" is-config="true" duration-ms="449" started-at="2023-07-25T16:55:38Z" finished-at="2023-07-25T16:55:38Z">
          <reporter-output>
          </reporter-output>
        </test-method> <!-- ReportSetup -->
        <test-method status="PASS" signature="SetUp(java.lang.reflect.Method)[pri:0, instance:TestCases.LoginTest@4d339552]" name="SetUp" is-config="true" duration-ms="3351" started-at="2023-07-25T16:55:38Z" finished-at="2023-07-25T16:55:41Z">
          <params>
            <param index="0">
              <value>
                <![CDATA[public void TestCases.LoginTest.test1()]]>
              </value>
            </param>
          </params>
          <reporter-output>
          </reporter-output>
        </test-method> <!-- SetUp -->
        <test-method status="PASS" signature="test1()[pri:0, instance:TestCases.LoginTest@4d339552]" name="test1" duration-ms="13166" started-at="2023-07-25T16:55:41Z" finished-at="2023-07-25T16:55:55Z">
          <reporter-output>
          </reporter-output>
        </test-method> <!-- test1 -->
        <test-method status="PASS" signature="TearDown()[pri:0, instance:TestCases.LoginTest@4d339552]" name="TearDown" is-config="true" duration-ms="809" started-at="2023-07-25T16:55:55Z" finished-at="2023-07-25T16:55:55Z">
          <reporter-output>
          </reporter-output>
        </test-method> <!-- TearDown -->
        <test-method status="PASS" signature="SetUp(java.lang.reflect.Method)[pri:0, instance:TestCases.LoginTest@4d339552]" name="SetUp" is-config="true" duration-ms="3012" started-at="2023-07-25T16:55:55Z" finished-at="2023-07-25T16:55:58Z">
          <params>
            <param index="0">
              <value>
                <![CDATA[public void TestCases.LoginTest.test2()]]>
              </value>
            </param>
          </params>
          <reporter-output>
          </reporter-output>
        </test-method> <!-- SetUp -->
        <test-method status="PASS" signature="test2()[pri:0, instance:TestCases.LoginTest@4d339552]" name="test2" duration-ms="9884" started-at="2023-07-25T16:55:58Z" finished-at="2023-07-25T16:56:08Z">
          <reporter-output>
          </reporter-output>
        </test-method> <!-- test2 -->
        <test-method status="PASS" signature="TearDown()[pri:0, instance:TestCases.LoginTest@4d339552]" name="TearDown" is-config="true" duration-ms="877" started-at="2023-07-25T16:56:08Z" finished-at="2023-07-25T16:56:09Z">
          <reporter-output>
          </reporter-output>
        </test-method> <!-- TearDown -->
        <test-method status="PASS" signature="SetUp(java.lang.reflect.Method)[pri:0, instance:TestCases.LoginTest@4d339552]" name="SetUp" is-config="true" duration-ms="4064" started-at="2023-07-25T16:56:09Z" finished-at="2023-07-25T16:56:13Z">
          <params>
            <param index="0">
              <value>
                <![CDATA[public void TestCases.LoginTest.test4() throws com.codoid.products.exception.FilloException]]>
              </value>
            </param>
          </params>
          <reporter-output>
          </reporter-output>
        </test-method> <!-- SetUp -->
        <test-method status="PASS" signature="test4()[pri:0, instance:TestCases.LoginTest@4d339552]" name="test4" duration-ms="14690" started-at="2023-07-25T16:56:13Z" finished-at="2023-07-25T16:56:28Z">
          <reporter-output>
          </reporter-output>
        </test-method> <!-- test4 -->
        <test-method status="PASS" signature="TearDown()[pri:0, instance:TestCases.LoginTest@4d339552]" name="TearDown" is-config="true" duration-ms="842" started-at="2023-07-25T16:56:28Z" finished-at="2023-07-25T16:56:29Z">
          <reporter-output>
          </reporter-output>
        </test-method> <!-- TearDown -->
        <test-method status="PASS" signature="ReportClean()[pri:0, instance:TestCases.LoginTest@4d339552]" name="ReportClean" is-config="true" duration-ms="693" started-at="2023-07-25T16:56:29Z" finished-at="2023-07-25T16:56:29Z">
          <reporter-output>
          </reporter-output>
        </test-method> <!-- ReportClean -->
      </class> <!-- TestCases.LoginTest -->
    </test> <!-- Test -->
  </suite> <!-- Suite -->
</testng-results>
