<?xml version="1.0" encoding="UTF-8"?>
<testng-results ignored="0" total="3" passed="3" failed="0" skipped="0">
  <reporter-output>
  </reporter-output>
  <suite started-at="2023-07-12T17:00:58Z" name="Default suite" finished-at="2023-07-12T17:01:44Z" duration-ms="45214">
    <groups>
    </groups>
    <test started-at="2023-07-12T17:00:58Z" name="Default test" finished-at="2023-07-12T17:01:44Z" duration-ms="45214">
      <class name="TestCases.LoginTest">
        <test-method is-config="true" signature="ReportSetup()[pri:0, instance:TestCases.LoginTest@46b61c56]" started-at="2023-07-12T17:00:58Z" name="ReportSetup" finished-at="2023-07-12T17:00:59Z" duration-ms="569" status="PASS">
          <reporter-output>
          </reporter-output>
        </test-method> <!-- ReportSetup -->
        <test-method is-config="true" signature="SetUp(java.lang.reflect.Method)[pri:0, instance:TestCases.LoginTest@46b61c56]" started-at="2023-07-12T17:00:59Z" name="SetUp" finished-at="2023-07-12T17:01:02Z" duration-ms="2706" status="PASS">
          <params>
            <param index="0">
              <value>
                <![CDATA[public void TestCases.LoginTest.test1()]]>
              </value>
            </param>
          </params>
          <reporter-output>
          </reporter-output>
        </test-method> <!-- SetUp -->
        <test-method signature="test1()[pri:0, instance:TestCases.LoginTest@46b61c56]" started-at="2023-07-12T17:01:02Z" name="test1" finished-at="2023-07-12T17:01:13Z" duration-ms="11092" status="PASS">
          <reporter-output>
          </reporter-output>
        </test-method> <!-- test1 -->
        <test-method is-config="true" signature="TearDown()[pri:0, instance:TestCases.LoginTest@46b61c56]" started-at="2023-07-12T17:01:13Z" name="TearDown" finished-at="2023-07-12T17:01:13Z" duration-ms="309" status="PASS">
          <reporter-output>
          </reporter-output>
        </test-method> <!-- TearDown -->
        <test-method is-config="true" signature="SetUp(java.lang.reflect.Method)[pri:0, instance:TestCases.LoginTest@46b61c56]" started-at="2023-07-12T17:01:13Z" name="SetUp" finished-at="2023-07-12T17:01:16Z" duration-ms="2670" status="PASS">
          <params>
            <param index="0">
              <value>
                <![CDATA[public void TestCases.LoginTest.test2()]]>
              </value>
            </param>
          </params>
          <reporter-output>
          </reporter-output>
        </test-method> <!-- SetUp -->
        <test-method signature="test2()[pri:0, instance:TestCases.LoginTest@46b61c56]" started-at="2023-07-12T17:01:16Z" name="test2" finished-at="2023-07-12T17:01:28Z" duration-ms="12611" status="PASS">
          <reporter-output>
          </reporter-output>
        </test-method> <!-- test2 -->
        <test-method is-config="true" signature="TearDown()[pri:0, instance:TestCases.LoginTest@46b61c56]" started-at="2023-07-12T17:01:28Z" name="TearDown" finished-at="2023-07-12T17:01:29Z" duration-ms="287" status="PASS">
          <reporter-output>
          </reporter-output>
        </test-method> <!-- TearDown -->
        <test-method is-config="true" signature="SetUp(java.lang.reflect.Method)[pri:0, instance:TestCases.LoginTest@46b61c56]" started-at="2023-07-12T17:01:29Z" name="SetUp" finished-at="2023-07-12T17:01:31Z" duration-ms="2495" status="PASS">
          <params>
            <param index="0">
              <value>
                <![CDATA[public void TestCases.LoginTest.test4() throws com.codoid.products.exception.FilloException]]>
              </value>
            </param>
          </params>
          <reporter-output>
          </reporter-output>
        </test-method> <!-- SetUp -->
        <test-method signature="test4()[pri:0, instance:TestCases.LoginTest@46b61c56]" started-at="2023-07-12T17:01:31Z" name="test4" finished-at="2023-07-12T17:01:43Z" duration-ms="11627" status="PASS">
          <reporter-output>
          </reporter-output>
        </test-method> <!-- test4 -->
        <test-method is-config="true" signature="TearDown()[pri:0, instance:TestCases.LoginTest@46b61c56]" started-at="2023-07-12T17:01:43Z" name="TearDown" finished-at="2023-07-12T17:01:43Z" duration-ms="301" status="PASS">
          <reporter-output>
          </reporter-output>
        </test-method> <!-- TearDown -->
        <test-method is-config="true" signature="ReportClean()[pri:0, instance:TestCases.LoginTest@46b61c56]" started-at="2023-07-12T17:01:43Z" name="ReportClean" finished-at="2023-07-12T17:01:44Z" duration-ms="518" status="PASS">
          <reporter-output>
          </reporter-output>
        </test-method> <!-- ReportClean -->
      </class> <!-- TestCases.LoginTest -->
    </test> <!-- Default test -->
  </suite> <!-- Default suite -->
</testng-results>
